2025-11-23T22:46:23.163+0530 [DEBUG] [org.gradle.launcher.daemon.bootstrap.DaemonMain] Assuming the daemon was started with following jvm opts: [--add-opens=java.base/java.util=ALL-UNNAMED, --add-opens=java.base/java.lang=ALL-UNNAMED, --add-opens=java.base/java.lang.invoke=ALL-UNNAMED, --add-opens=java.prefs/java.util.prefs=ALL-UNNAMED, --add-opens=java.base/java.nio.charset=ALL-UNNAMED, --add-opens=java.base/java.net=ALL-UNNAMED, --add-opens=java.base/java.util.concurrent.atomic=ALL-UNNAMED, -XX:MaxMetaspaceSize=384m, -XX:+HeapDumpOnOutOfMemoryError, -Xms256m, -Xmx512m, -Dfile.encoding=UTF-8, -Duser.country=US, -Duser.language=en, -Duser.variant]
2025-11-23T22:46:23.210+0530 [INFO] [org.gradle.launcher.daemon.server.Daemon] start() called on daemon - DefaultDaemonContext[uid=ab1e7764-bd7f-4246-9854-d2faa669da64,javaHome=/opt/homebrew/Cellar/openjdk@17/17.0.17/libexec/openjdk.jdk/Contents/Home,daemonRegistryDir=/Users/asif/vitality-code-base/vg_workspace/liferay-realworld-solutions-asif/.gradle/daemon,pid=88308,idleTimeout=120000,priority=NORMAL,applyInstrumentationAgent=true,daemonOpts=--add-opens=java.base/java.util=ALL-UNNAMED,--add-opens=java.base/java.lang=ALL-UNNAMED,--add-opens=java.base/java.lang.invoke=ALL-UNNAMED,--add-opens=java.prefs/java.util.prefs=ALL-UNNAMED,--add-opens=java.base/java.nio.charset=ALL-UNNAMED,--add-opens=java.base/java.net=ALL-UNNAMED,--add-opens=java.base/java.util.concurrent.atomic=ALL-UNNAMED,-XX:MaxMetaspaceSize=384m,-XX:+HeapDumpOnOutOfMemoryError,-Xms256m,-Xmx512m,-Dfile.encoding=UTF-8,-Duser.country=US,-Duser.language=en,-Duser.variant]
2025-11-23T22:46:23.229+0530 [DEBUG] [org.gradle.internal.remote.internal.inet.InetAddresses] Adding IP addresses for network interface utun8
2025-11-23T22:46:23.229+0530 [DEBUG] [org.gradle.internal.remote.internal.inet.InetAddresses] Is this a loopback interface? false
2025-11-23T22:46:23.229+0530 [DEBUG] [org.gradle.internal.remote.internal.inet.InetAddresses] Adding remote address /fe80:0:0:0:a9b3:8e32:c658:d4ec%utun8
2025-11-23T22:46:23.229+0530 [DEBUG] [org.gradle.internal.remote.internal.inet.InetAddresses] Adding IP addresses for network interface utun7
2025-11-23T22:46:23.229+0530 [DEBUG] [org.gradle.internal.remote.internal.inet.InetAddresses] Is this a loopback interface? false
2025-11-23T22:46:23.230+0530 [DEBUG] [org.gradle.internal.remote.internal.inet.InetAddresses] Adding remote address /fe80:0:0:0:2739:c3bc:7b3e:eebe%utun7
2025-11-23T22:46:23.230+0530 [DEBUG] [org.gradle.internal.remote.internal.inet.InetAddresses] Adding IP addresses for network interface utun6
2025-11-23T22:46:23.230+0530 [DEBUG] [org.gradle.internal.remote.internal.inet.InetAddresses] Is this a loopback interface? false
2025-11-23T22:46:23.230+0530 [DEBUG] [org.gradle.internal.remote.internal.inet.InetAddresses] Adding remote address /fe80:0:0:0:b6f6:d942:8edf:de2f%utun6
2025-11-23T22:46:23.230+0530 [DEBUG] [org.gradle.internal.remote.internal.inet.InetAddresses] Adding IP addresses for network interface utun5
2025-11-23T22:46:23.230+0530 [DEBUG] [org.gradle.internal.remote.internal.inet.InetAddresses] Is this a loopback interface? false
2025-11-23T22:46:23.230+0530 [DEBUG] [org.gradle.internal.remote.internal.inet.InetAddresses] Adding remote address /fe80:0:0:0:d622:7f42:9263:4508%utun5
2025-11-23T22:46:23.230+0530 [DEBUG] [org.gradle.internal.remote.internal.inet.InetAddresses] Adding IP addresses for network interface utun3
2025-11-23T22:46:23.230+0530 [DEBUG] [org.gradle.internal.remote.internal.inet.InetAddresses] Is this a loopback interface? false
2025-11-23T22:46:23.231+0530 [DEBUG] [org.gradle.internal.remote.internal.inet.InetAddresses] Adding remote address /fe80:0:0:0:ce81:b1c:bd2c:69e%utun3
2025-11-23T22:46:23.231+0530 [DEBUG] [org.gradle.internal.remote.internal.inet.InetAddresses] Adding IP addresses for network interface utun2
2025-11-23T22:46:23.231+0530 [DEBUG] [org.gradle.internal.remote.internal.inet.InetAddresses] Is this a loopback interface? false
2025-11-23T22:46:23.231+0530 [DEBUG] [org.gradle.internal.remote.internal.inet.InetAddresses] Adding remote address /fe80:0:0:0:8db1:140f:ee3:98f1%utun2
2025-11-23T22:46:23.231+0530 [DEBUG] [org.gradle.internal.remote.internal.inet.InetAddresses] Adding IP addresses for network interface utun1
2025-11-23T22:46:23.231+0530 [DEBUG] [org.gradle.internal.remote.internal.inet.InetAddresses] Is this a loopback interface? false
2025-11-23T22:46:23.231+0530 [DEBUG] [org.gradle.internal.remote.internal.inet.InetAddresses] Adding remote address /fe80:0:0:0:bca3:3df2:1f2b:ebe5%utun1
2025-11-23T22:46:23.231+0530 [DEBUG] [org.gradle.internal.remote.internal.inet.InetAddresses] Adding IP addresses for network interface llw0
2025-11-23T22:46:23.231+0530 [DEBUG] [org.gradle.internal.remote.internal.inet.InetAddresses] Is this a loopback interface? false
2025-11-23T22:46:23.231+0530 [DEBUG] [org.gradle.internal.remote.internal.inet.InetAddresses] Adding remote address /fe80:0:0:0:6026:ceff:fe97:4b7b%llw0
2025-11-23T22:46:23.232+0530 [DEBUG] [org.gradle.internal.remote.internal.inet.InetAddresses] Adding IP addresses for network interface awdl0
2025-11-23T22:46:23.232+0530 [DEBUG] [org.gradle.internal.remote.internal.inet.InetAddresses] Is this a loopback interface? false
2025-11-23T22:46:23.232+0530 [DEBUG] [org.gradle.internal.remote.internal.inet.InetAddresses] Adding remote address /fe80:0:0:0:6026:ceff:fe97:4b7b%awdl0
2025-11-23T22:46:23.232+0530 [DEBUG] [org.gradle.internal.remote.internal.inet.InetAddresses] Adding IP addresses for network interface utun0
2025-11-23T22:46:23.232+0530 [DEBUG] [org.gradle.internal.remote.internal.inet.InetAddresses] Is this a loopback interface? false
2025-11-23T22:46:23.232+0530 [DEBUG] [org.gradle.internal.remote.internal.inet.InetAddresses] Adding remote address /fe80:0:0:0:d85:b79e:4791:5bbc%utun0
2025-11-23T22:46:23.232+0530 [DEBUG] [org.gradle.internal.remote.internal.inet.InetAddresses] Adding IP addresses for network interface en0
2025-11-23T22:46:23.232+0530 [DEBUG] [org.gradle.internal.remote.internal.inet.InetAddresses] Is this a loopback interface? false
2025-11-23T22:46:23.232+0530 [DEBUG] [org.gradle.internal.remote.internal.inet.InetAddresses] Adding remote address /fe80:0:0:0:105e:d5e4:d2a1:e4ad%en0
2025-11-23T22:46:23.232+0530 [DEBUG] [org.gradle.internal.remote.internal.inet.InetAddresses] Adding remote address /192.168.1.13
2025-11-23T22:46:23.232+0530 [DEBUG] [org.gradle.internal.remote.internal.inet.InetAddresses] Adding IP addresses for network interface lo0
2025-11-23T22:46:23.232+0530 [DEBUG] [org.gradle.internal.remote.internal.inet.InetAddresses] Is this a loopback interface? true
2025-11-23T22:46:23.232+0530 [DEBUG] [org.gradle.internal.remote.internal.inet.InetAddresses] Ignoring remote address on loopback interface /fe80:0:0:0:0:0:0:1%lo0
2025-11-23T22:46:23.232+0530 [DEBUG] [org.gradle.internal.remote.internal.inet.InetAddresses] Adding loopback address /0:0:0:0:0:0:0:1%lo0
2025-11-23T22:46:23.233+0530 [DEBUG] [org.gradle.internal.remote.internal.inet.InetAddresses] Adding loopback address /127.0.0.1
2025-11-23T22:46:23.238+0530 [DEBUG] [org.gradle.internal.remote.internal.inet.TcpIncomingConnector] Listening on [d1246bf6-4d49-4826-b08f-b61c4c09f0f3 port:62929, addresses:[localhost/127.0.0.1]].
2025-11-23T22:46:23.243+0530 [DEBUG] [org.gradle.launcher.daemon.server.Daemon] Daemon starting at: Sun Nov 23 22:46:23 IST 2025, with address: [d1246bf6-4d49-4826-b08f-b61c4c09f0f3 port:62929, addresses:[localhost/127.0.0.1]]
2025-11-23T22:46:23.244+0530 [INFO] [org.gradle.launcher.daemon.server.DaemonRegistryUpdater] Advertising the daemon address to the clients: [d1246bf6-4d49-4826-b08f-b61c4c09f0f3 port:62929, addresses:[localhost/127.0.0.1]]
2025-11-23T22:46:23.244+0530 [DEBUG] [org.gradle.launcher.daemon.server.DaemonRegistryUpdater] Advertised daemon context: DefaultDaemonContext[uid=ab1e7764-bd7f-4246-9854-d2faa669da64,javaHome=/opt/homebrew/Cellar/openjdk@17/17.0.17/libexec/openjdk.jdk/Contents/Home,daemonRegistryDir=/Users/asif/vitality-code-base/vg_workspace/liferay-realworld-solutions-asif/.gradle/daemon,pid=88308,idleTimeout=120000,priority=NORMAL,applyInstrumentationAgent=true,daemonOpts=--add-opens=java.base/java.util=ALL-UNNAMED,--add-opens=java.base/java.lang=ALL-UNNAMED,--add-opens=java.base/java.lang.invoke=ALL-UNNAMED,--add-opens=java.prefs/java.util.prefs=ALL-UNNAMED,--add-opens=java.base/java.nio.charset=ALL-UNNAMED,--add-opens=java.base/java.net=ALL-UNNAMED,--add-opens=java.base/java.util.concurrent.atomic=ALL-UNNAMED,-XX:MaxMetaspaceSize=384m,-XX:+HeapDumpOnOutOfMemoryError,-Xms256m,-Xmx512m,-Dfile.encoding=UTF-8,-Duser.country=US,-Duser.language=en,-Duser.variant]
2025-11-23T22:46:23.244+0530 [DEBUG] [org.gradle.launcher.daemon.registry.PersistentDaemonRegistry] Storing daemon address: [d1246bf6-4d49-4826-b08f-b61c4c09f0f3 port:62929, addresses:[localhost/127.0.0.1]], context: DefaultDaemonContext[uid=ab1e7764-bd7f-4246-9854-d2faa669da64,javaHome=/opt/homebrew/Cellar/openjdk@17/17.0.17/libexec/openjdk.jdk/Contents/Home,daemonRegistryDir=/Users/asif/vitality-code-base/vg_workspace/liferay-realworld-solutions-asif/.gradle/daemon,pid=88308,idleTimeout=120000,priority=NORMAL,applyInstrumentationAgent=true,daemonOpts=--add-opens=java.base/java.util=ALL-UNNAMED,--add-opens=java.base/java.lang=ALL-UNNAMED,--add-opens=java.base/java.lang.invoke=ALL-UNNAMED,--add-opens=java.prefs/java.util.prefs=ALL-UNNAMED,--add-opens=java.base/java.nio.charset=ALL-UNNAMED,--add-opens=java.base/java.net=ALL-UNNAMED,--add-opens=java.base/java.util.concurrent.atomic=ALL-UNNAMED,-XX:MaxMetaspaceSize=384m,-XX:+HeapDumpOnOutOfMemoryError,-Xms256m,-Xmx512m,-Dfile.encoding=UTF-8,-Duser.country=US,-Duser.language=en,-Duser.variant]
2025-11-23T22:46:23.252+0530 [DEBUG] [org.gradle.cache.internal.DefaultFileLockManager] Waiting to acquire exclusive lock on daemon addresses registry.
2025-11-23T22:46:23.254+0530 [DEBUG] [org.gradle.cache.internal.DefaultFileLockManager] Lock acquired on daemon addresses registry.
2025-11-23T22:46:23.257+0530 [DEBUG] [org.gradle.cache.internal.DefaultFileLockManager] Releasing lock on daemon addresses registry.
2025-11-23T22:46:23.257+0530 [LIFECYCLE] [org.gradle.launcher.daemon.server.Daemon] Daemon server started.
2025-11-23T22:46:23.258+0530 [DEBUG] [org.gradle.launcher.daemon.bootstrap.DaemonStartupCommunication] Completed writing the daemon greeting. Closing streams...
2025-11-23T22:46:23.259+0530 [DEBUG] [org.gradle.launcher.daemon.server.Daemon] stopOnExpiration() called on daemon
2025-11-23T22:46:23.259+0530 [DEBUG] [org.gradle.launcher.daemon.server.Daemon] awaitExpiration() called on daemon
2025-11-23T22:46:23.260+0530 [DEBUG] [org.gradle.launcher.daemon.server.DaemonStateCoordinator] daemon is running. Sleeping until state changes.
2025-11-23T22:46:23.278+0530 [DEBUG] [org.gradle.internal.remote.internal.inet.TcpIncomingConnector] Accepted connection from /127.0.0.1:62930 to /127.0.0.1:62929.
2025-11-23T22:46:23.292+0530 [DEBUG] [org.gradle.launcher.daemon.server.SynchronizedDispatchConnection] thread 21: received class org.gradle.launcher.daemon.protocol.Build
2025-11-23T22:46:23.292+0530 [DEBUG] [org.gradle.launcher.daemon.server.DefaultDaemonConnection] thread 21: Received non-IO message from client: Build{id=02831333-438c-4222-96b0-877143e530a0, currentDir=/Users/asif/vitality-code-base/vg_workspace/liferay-realworld-solutions-asif}
2025-11-23T22:46:23.292+0530 [INFO] [org.gradle.launcher.daemon.server.DefaultIncomingConnectionHandler] Received command: Build{id=02831333-438c-4222-96b0-877143e530a0, currentDir=/Users/asif/vitality-code-base/vg_workspace/liferay-realworld-solutions-asif}.
2025-11-23T22:46:23.292+0530 [DEBUG] [org.gradle.launcher.daemon.server.DefaultIncomingConnectionHandler] Starting executing command: Build{id=02831333-438c-4222-96b0-877143e530a0, currentDir=/Users/asif/vitality-code-base/vg_workspace/liferay-realworld-solutions-asif} with connection: socket connection from /127.0.0.1:62929 to /127.0.0.1:62930.
2025-11-23T22:46:23.293+0530 [DEBUG] [org.gradle.launcher.daemon.server.DaemonStateCoordinator] Command execution: started DaemonCommandExecution[command = Build{id=02831333-438c-4222-96b0-877143e530a0, currentDir=/Users/asif/vitality-code-base/vg_workspace/liferay-realworld-solutions-asif}, connection = DefaultDaemonConnection: socket connection from /127.0.0.1:62929 to /127.0.0.1:62930] after 0.0 minutes of idle
2025-11-23T22:46:23.293+0530 [INFO] [org.gradle.launcher.daemon.server.DaemonRegistryUpdater] Marking the daemon as busy, address: [d1246bf6-4d49-4826-b08f-b61c4c09f0f3 port:62929, addresses:[localhost/127.0.0.1]]
2025-11-23T22:46:23.293+0530 [DEBUG] [org.gradle.launcher.daemon.registry.PersistentDaemonRegistry] Marking busy by address: [d1246bf6-4d49-4826-b08f-b61c4c09f0f3 port:62929, addresses:[localhost/127.0.0.1]]
2025-11-23T22:46:23.293+0530 [DEBUG] [org.gradle.cache.internal.DefaultFileLockManager] Waiting to acquire exclusive lock on daemon addresses registry.
2025-11-23T22:46:23.293+0530 [DEBUG] [org.gradle.cache.internal.DefaultFileLockManager] Lock acquired on daemon addresses registry.
2025-11-23T22:46:23.294+0530 [DEBUG] [org.gradle.cache.internal.DefaultFileLockManager] Releasing lock on daemon addresses registry.
2025-11-23T22:46:23.294+0530 [DEBUG] [org.gradle.launcher.daemon.server.DaemonStateCoordinator] resetting idle timer
2025-11-23T22:46:23.294+0530 [DEBUG] [org.gradle.launcher.daemon.server.DaemonStateCoordinator] daemon is running. Sleeping until state changes.
2025-11-23T22:46:23.294+0530 [INFO] [org.gradle.launcher.daemon.server.exec.StartBuildOrRespondWithBusy] Daemon is about to start building Build{id=02831333-438c-4222-96b0-877143e530a0, currentDir=/Users/asif/vitality-code-base/vg_workspace/liferay-realworld-solutions-asif}. Dispatching build started information...
2025-11-23T22:46:23.295+0530 [DEBUG] [org.gradle.launcher.daemon.server.SynchronizedDispatchConnection] thread 23: dispatching org.gradle.launcher.daemon.protocol.BuildStarted@4407b86c
2025-11-23T22:46:23.296+0530 [DEBUG] [org.gradle.launcher.daemon.server.exec.EstablishBuildEnvironment] Configuring env variables: [PATH, FORCE_COLOR, CURSOR_TRACE_ID, MallocNanoZone, MANPATH, VSCODE_L10N_BUNDLE_LOCATION, VSCODE_HANDLES_UNCAUGHT_ERRORS, JAVA_HOME, TERM, HOMEBREW_PREFIX, LANG, CURSOR_AGENT, VSCODE_PID, COMMAND_MODE, ANDROID_HOME, DISPLAY, MAVEN_HOME, _ZO_DOCTOR, JAVA_MAIN_CLASS_88296, LOGNAME, HOMEBREW_REPOSITORY, XPC_SERVICE_NAME, PWD, NO_COLOR, VSCODE_NLS_CONFIG, INFOPATH, __CFBundleIdentifier, VSCODE_CWD, COMPOSER_NO_INTERACTION, SHELL, VSCODE_CRASH_REPORTER_PROCESS_TYPE, VSCODE_ESM_ENTRYPOINT, HOMEBREW_CELLAR, USER, VSCODE_CODE_CACHE_PATH, TMPDIR, ORIGINAL_XDG_CURRENT_DESKTOP, SSH_AUTH_SOCK, OSLogRateLimit, VSCODE_PROCESS_TITLE, XPC_FLAGS, GRADLE_JAVA_HOME, __CF_USER_TEXT_ENCODING, HOME, SHLVL, VSCODE_IPC_HOOK]
2025-11-23T22:46:23.297+0530 [DEBUG] [org.gradle.launcher.daemon.server.SynchronizedDispatchConnection] thread 21: received class org.gradle.launcher.daemon.protocol.CloseInput
2025-11-23T22:46:23.297+0530 [DEBUG] [org.gradle.launcher.daemon.server.DefaultDaemonConnection] thread 21: Received IO message from client: org.gradle.launcher.daemon.protocol.CloseInput@6ab6a92e
2025-11-23T22:46:23.297+0530 [DEBUG] [org.gradle.launcher.daemon.server.exec.LogToClient] About to start relaying all logs to the client via the connection.
2025-11-23T22:46:23.298+0530 [INFO] [org.gradle.launcher.daemon.server.exec.LogToClient] The client will now receive all logging from the daemon (pid: 88308). The daemon log file: /Users/asif/vitality-code-base/vg_workspace/liferay-realworld-solutions-asif/.gradle/daemon/8.5/daemon-88308.out.log
2025-11-23T22:46:23.298+0530 [INFO] [org.gradle.launcher.daemon.server.exec.ForwardClientInput] Closing daemon's stdin at end of input.
2025-11-23T22:46:23.298+0530 [INFO] [org.gradle.launcher.daemon.server.exec.ForwardClientInput] The daemon will no longer process any standard input.
2025-11-23T22:46:23.298+0530 [DEBUG] [org.gradle.launcher.daemon.server.exec.RequestStopIfSingleUsedDaemon] Requesting daemon stop after processing Build{id=02831333-438c-4222-96b0-877143e530a0, currentDir=/Users/asif/vitality-code-base/vg_workspace/liferay-realworld-solutions-asif}
2025-11-23T22:46:23.298+0530 [LIFECYCLE] [org.gradle.launcher.daemon.server.DaemonStateCoordinator] Daemon will be stopped at the end of the build 
2025-11-23T22:46:23.298+0530 [DEBUG] [org.gradle.launcher.daemon.server.DaemonStateCoordinator] Stop as soon as idle requested. The daemon is busy: true
2025-11-23T22:46:23.298+0530 [DEBUG] [org.gradle.launcher.daemon.server.DaemonStateCoordinator] daemon stop has been requested. Sleeping until state changes.
2025-11-23T22:46:23.298+0530 [DEBUG] [org.gradle.launcher.daemon.server.exec.ExecuteBuild] The daemon has started executing the build.
2025-11-23T22:46:23.299+0530 [DEBUG] [org.gradle.launcher.daemon.server.exec.ExecuteBuild] Executing build with daemon context: DefaultDaemonContext[uid=ab1e7764-bd7f-4246-9854-d2faa669da64,javaHome=/opt/homebrew/Cellar/openjdk@17/17.0.17/libexec/openjdk.jdk/Contents/Home,daemonRegistryDir=/Users/asif/vitality-code-base/vg_workspace/liferay-realworld-solutions-asif/.gradle/daemon,pid=88308,idleTimeout=120000,priority=NORMAL,applyInstrumentationAgent=true,daemonOpts=--add-opens=java.base/java.util=ALL-UNNAMED,--add-opens=java.base/java.lang=ALL-UNNAMED,--add-opens=java.base/java.lang.invoke=ALL-UNNAMED,--add-opens=java.prefs/java.util.prefs=ALL-UNNAMED,--add-opens=java.base/java.nio.charset=ALL-UNNAMED,--add-opens=java.base/java.net=ALL-UNNAMED,--add-opens=java.base/java.util.concurrent.atomic=ALL-UNNAMED,-XX:MaxMetaspaceSize=384m,-XX:+HeapDumpOnOutOfMemoryError,-Xms256m,-Xmx512m,-Dfile.encoding=UTF-8,-Duser.country=US,-Duser.language=en,-Duser.variant]

Deprecated Gradle features were used in this build, making it incompatible with Gradle 9.0.

You can use '--warning-mode all' to show the individual deprecation warnings and determine if they come from your own scripts or plugins.

For more on this, please refer to https://docs.gradle.org/8.5/userguide/command_line_interface.html#sec:command_line_warnings in the Gradle documentation.

BUILD SUCCESSFUL in 10s
3 actionable tasks: 3 executed
2025-11-23T22:46:32.975+0530 [DEBUG] [org.gradle.launcher.daemon.server.exec.ExecuteBuild] The daemon has finished executing the build.
2025-11-23T22:46:32.987+0530 [DEBUG] [org.gradle.launcher.daemon.server.DaemonStateCoordinator] daemon stop has been requested. Sleeping until state changes.
2025-11-23T22:46:32.988+0530 [DEBUG] [org.gradle.launcher.daemon.server.DaemonStateCoordinator] Command execution: finished waiting for DaemonCommandExecution[command = Build{id=02831333-438c-4222-96b0-877143e530a0, currentDir=/Users/asif/vitality-code-base/vg_workspace/liferay-realworld-solutions-asif}, connection = DefaultDaemonConnection: socket connection from /127.0.0.1:62929 to /127.0.0.1:62930]. Result org.gradle.launcher.daemon.server.DaemonStateCoordinator@23cb2897 with state StopRequested
2025-11-23T22:46:32.988+0530 [DEBUG] [org.gradle.launcher.daemon.server.DaemonStateCoordinator] Command execution: completed DaemonCommandExecution[command = Build{id=02831333-438c-4222-96b0-877143e530a0, currentDir=/Users/asif/vitality-code-base/vg_workspace/liferay-realworld-solutions-asif}, connection = DefaultDaemonConnection: socket connection from /127.0.0.1:62929 to /127.0.0.1:62930]
2025-11-23T22:46:32.988+0530 [DEBUG] [org.gradle.launcher.daemon.server.DaemonStateCoordinator] resetting idle timer
2025-11-23T22:46:32.988+0530 [DEBUG] [org.gradle.launcher.daemon.server.DaemonStateCoordinator] Marking daemon stopped due to command completed and stop requested. The daemon is running a build: false
2025-11-23T22:46:32.988+0530 [DEBUG] [org.gradle.launcher.daemon.server.DaemonStateCoordinator] daemon has stopped.
2025-11-23T22:46:32.988+0530 [DEBUG] [org.gradle.launcher.daemon.server.Daemon] stop() called on daemon
2025-11-23T22:46:32.988+0530 [INFO] [org.gradle.launcher.daemon.server.Daemon] Stop requested. Daemon is removing its presence from the registry...
2025-11-23T22:46:32.988+0530 [DEBUG] [org.gradle.launcher.daemon.server.exec.ReturnResult] Daemon is dispatching the build result: Success[value=org.gradle.launcher.exec.BuildActionResult@89b61b0]
2025-11-23T22:46:32.988+0530 [DEBUG] [org.gradle.launcher.daemon.server.SynchronizedDispatchConnection] thread 20: dispatching Success[value=org.gradle.launcher.exec.BuildActionResult@89b61b0]
2025-11-23T22:46:32.988+0530 [DEBUG] [org.gradle.launcher.daemon.server.DaemonRegistryUpdater] Removing our presence to clients, eg. removing this address from the registry: [d1246bf6-4d49-4826-b08f-b61c4c09f0f3 port:62929, addresses:[localhost/127.0.0.1]]
2025-11-23T22:46:32.988+0530 [DEBUG] [org.gradle.launcher.daemon.registry.PersistentDaemonRegistry] Removing daemon address: [d1246bf6-4d49-4826-b08f-b61c4c09f0f3 port:62929, addresses:[localhost/127.0.0.1]]
2025-11-23T22:46:32.989+0530 [DEBUG] [org.gradle.launcher.daemon.server.DefaultIncomingConnectionHandler] Finishing executing command: Build{id=02831333-438c-4222-96b0-877143e530a0, currentDir=/Users/asif/vitality-code-base/vg_workspace/liferay-realworld-solutions-asif}
2025-11-23T22:46:32.989+0530 [DEBUG] [org.gradle.cache.internal.DefaultFileLockManager] Waiting to acquire exclusive lock on daemon addresses registry.
2025-11-23T22:46:32.989+0530 [DEBUG] [org.gradle.cache.internal.DefaultFileLockManager] Lock acquired on daemon addresses registry.
2025-11-23T22:46:32.990+0530 [DEBUG] [org.gradle.cache.internal.DefaultFileLockManager] Releasing lock on daemon addresses registry.
2025-11-23T22:46:32.990+0530 [DEBUG] [org.gradle.launcher.daemon.server.SynchronizedDispatchConnection] thread 21: received class org.gradle.launcher.daemon.protocol.Finished
2025-11-23T22:46:32.990+0530 [DEBUG] [org.gradle.launcher.daemon.server.DaemonRegistryUpdater] Address removed from registry.
2025-11-23T22:46:32.990+0530 [DEBUG] [org.gradle.launcher.daemon.server.DefaultDaemonConnection] thread 21: Received non-IO message from client: org.gradle.launcher.daemon.protocol.Finished@60825afe
2025-11-23T22:46:32.990+0530 [DEBUG] [org.gradle.launcher.daemon.server.DefaultIncomingConnectionHandler] Received finished message: org.gradle.launcher.daemon.protocol.Finished@60825afe
2025-11-23T22:46:32.990+0530 [DEBUG] [org.gradle.launcher.daemon.server.SynchronizedDispatchConnection] thread 20: stopping connection
2025-11-23T22:46:32.991+0530 [DEBUG] [org.gradle.internal.remote.internal.inet.SocketConnection] Discarding EOFException: java.io.EOFException
2025-11-23T22:46:32.992+0530 [DEBUG] [org.gradle.launcher.daemon.server.SynchronizedDispatchConnection] thread 21: received null
2025-11-23T22:46:32.992+0530 [DEBUG] [org.gradle.launcher.daemon.server.DefaultDaemonConnection] thread 21: Received end-of-input from client.
2025-11-23T22:46:32.992+0530 [DEBUG] [org.gradle.launcher.daemon.server.SynchronizedDispatchConnection] thread 20: stopping connection
2025-11-23T22:46:32.993+0530 [DEBUG] [org.gradle.cache.internal.LockOnDemandCrossProcessCacheAccess] Releasing file lock for jars (/Users/asif/vitality-code-base/vg_workspace/liferay-realworld-solutions-asif/.gradle/caches/jars-9)
2025-11-23T22:46:32.993+0530 [DEBUG] [org.gradle.cache.internal.DefaultFileLockManager] Releasing lock on jars (/Users/asif/vitality-code-base/vg_workspace/liferay-realworld-solutions-asif/.gradle/caches/jars-9).
2025-11-23T22:46:32.993+0530 [DEBUG] [org.gradle.cache.internal.DefaultPersistentDirectoryStore] jars (/Users/asif/vitality-code-base/vg_workspace/liferay-realworld-solutions-asif/.gradle/caches/jars-9) has last been fully cleaned up 0 hours ago
2025-11-23T22:46:32.993+0530 [DEBUG] [org.gradle.workers.internal.WorkerDaemonClientsManager] Stopping 1 worker daemon(s).
2025-11-23T22:46:33.005+0530 [DEBUG] [org.gradle.process.internal.DefaultExecHandle] Changing state to: SUCCEEDED
2025-11-23T22:46:33.005+0530 [DEBUG] [org.gradle.process.internal.DefaultExecHandle] Process 'Gradle Worker Daemon 1' finished with exit value 0 (state: SUCCEEDED)
2025-11-23T22:46:33.006+0530 [INFO] [org.gradle.workers.internal.WorkerDaemonClientsManager] Stopped 1 worker daemon(s).
2025-11-23T22:46:33.006+0530 [DEBUG] [org.gradle.cache.internal.DefaultPersistentDirectoryStore] Artifact transforms cache (/Users/asif/vitality-code-base/vg_workspace/liferay-realworld-solutions-asif/.gradle/caches/transforms-3) has last been fully cleaned up 0 hours ago
2025-11-23T22:46:33.006+0530 [DEBUG] [org.gradle.cache.internal.DefaultCacheCoordinator] Cache Artifact transforms cache (/Users/asif/vitality-code-base/vg_workspace/liferay-realworld-solutions-asif/.gradle/caches/transforms-3) was closed 0 times.
2025-11-23T22:46:33.008+0530 [DEBUG] [org.gradle.cache.internal.LockOnDemandCrossProcessCacheAccess] Releasing file lock for file content cache (/Users/asif/vitality-code-base/vg_workspace/liferay-realworld-solutions-asif/.gradle/caches/8.5/fileContent)
2025-11-23T22:46:33.008+0530 [DEBUG] [org.gradle.cache.internal.DefaultFileLockManager] Releasing lock on file content cache (/Users/asif/vitality-code-base/vg_workspace/liferay-realworld-solutions-asif/.gradle/caches/8.5/fileContent).
2025-11-23T22:46:33.008+0530 [DEBUG] [org.gradle.internal.watch.vfs.impl.WatchingVirtualFileSystem] Closing VFS, dropping state
2025-11-23T22:46:33.009+0530 [DEBUG] [org.gradle.cache.internal.DefaultCacheCoordinator] Cache Generated Gradle JARs cache (/Users/asif/vitality-code-base/vg_workspace/liferay-realworld-solutions-asif/.gradle/caches/8.5/generated-gradle-jars) was closed 0 times.
2025-11-23T22:46:33.009+0530 [DEBUG] [org.gradle.internal.watch.registry.impl.DefaultFileWatcherRegistry] Finished listening to file system change events
2025-11-23T22:46:33.009+0530 [DEBUG] [org.gradle.cache.internal.LockOnDemandCrossProcessCacheAccess] Releasing file lock for artifact cache (/Users/asif/vitality-code-base/vg_workspace/liferay-realworld-solutions-asif/.gradle/caches/modules-2)
2025-11-23T22:46:33.009+0530 [DEBUG] [org.gradle.cache.internal.btree.BTreePersistentIndexedCache] Closing cache module-artifact.bin (/Users/asif/vitality-code-base/vg_workspace/liferay-realworld-solutions-asif/.gradle/caches/modules-2/metadata-2.106/module-artifact.bin)
2025-11-23T22:46:33.009+0530 [DEBUG] [org.gradle.cache.internal.btree.BTreePersistentIndexedCache] Closing cache module-metadata.bin (/Users/asif/vitality-code-base/vg_workspace/liferay-realworld-solutions-asif/.gradle/caches/modules-2/metadata-2.106/module-metadata.bin)
2025-11-23T22:46:33.009+0530 [DEBUG] [org.gradle.cache.internal.DefaultFileLockManager] Releasing lock on artifact cache (/Users/asif/vitality-code-base/vg_workspace/liferay-realworld-solutions-asif/.gradle/caches/modules-2).
2025-11-23T22:46:33.009+0530 [DEBUG] [org.gradle.cache.internal.DefaultPersistentDirectoryStore] artifact cache (/Users/asif/vitality-code-base/vg_workspace/liferay-realworld-solutions-asif/.gradle/caches/modules-2) has last been fully cleaned up 0 hours ago
2025-11-23T22:46:33.009+0530 [DEBUG] [org.gradle.cache.internal.LockOnDemandCrossProcessCacheAccess] Releasing file lock for journal cache (/Users/asif/vitality-code-base/vg_workspace/liferay-realworld-solutions-asif/.gradle/caches/journal-1)
2025-11-23T22:46:33.009+0530 [DEBUG] [org.gradle.cache.internal.btree.BTreePersistentIndexedCache] Closing cache file-access.bin (/Users/asif/vitality-code-base/vg_workspace/liferay-realworld-solutions-asif/.gradle/caches/journal-1/file-access.bin)
2025-11-23T22:46:33.010+0530 [DEBUG] [org.gradle.cache.internal.DefaultFileLockManager] Releasing lock on journal cache (/Users/asif/vitality-code-base/vg_workspace/liferay-realworld-solutions-asif/.gradle/caches/journal-1).
2025-11-23T22:46:33.010+0530 [DEBUG] [org.gradle.cache.internal.LockOnDemandCrossProcessCacheAccess] Releasing file lock for file hash cache (/Users/asif/vitality-code-base/vg_workspace/liferay-realworld-solutions-asif/.gradle/caches/8.5/fileHashes)
2025-11-23T22:46:33.010+0530 [DEBUG] [org.gradle.cache.internal.btree.BTreePersistentIndexedCache] Closing cache fileHashes.bin (/Users/asif/vitality-code-base/vg_workspace/liferay-realworld-solutions-asif/.gradle/caches/8.5/fileHashes/fileHashes.bin)
2025-11-23T22:46:33.010+0530 [DEBUG] [org.gradle.cache.internal.btree.BTreePersistentIndexedCache] Closing cache resourceHashesCache.bin (/Users/asif/vitality-code-base/vg_workspace/liferay-realworld-solutions-asif/.gradle/caches/8.5/fileHashes/resourceHashesCache.bin)
2025-11-23T22:46:33.010+0530 [DEBUG] [org.gradle.cache.internal.DefaultFileLockManager] Releasing lock on file hash cache (/Users/asif/vitality-code-base/vg_workspace/liferay-realworld-solutions-asif/.gradle/caches/8.5/fileHashes).
2025-11-23T22:46:33.010+0530 [DEBUG] [org.gradle.cache.internal.LockOnDemandCrossProcessCacheAccess] Releasing file lock for execution history cache (/Users/asif/vitality-code-base/vg_workspace/liferay-realworld-solutions-asif/.gradle/caches/8.5/executionHistory)
2025-11-23T22:46:33.010+0530 [DEBUG] [org.gradle.cache.internal.DefaultFileLockManager] Releasing lock on execution history cache (/Users/asif/vitality-code-base/vg_workspace/liferay-realworld-solutions-asif/.gradle/caches/8.5/executionHistory).
2025-11-23T22:46:33.010+0530 [DEBUG] [org.gradle.cache.internal.LockOnDemandCrossProcessCacheAccess] Releasing file lock for Java compile cache (/Users/asif/vitality-code-base/vg_workspace/liferay-realworld-solutions-asif/.gradle/caches/8.5/javaCompile)
2025-11-23T22:46:33.010+0530 [DEBUG] [org.gradle.cache.internal.btree.BTreePersistentIndexedCache] Closing cache jarAnalysis.bin (/Users/asif/vitality-code-base/vg_workspace/liferay-realworld-solutions-asif/.gradle/caches/8.5/javaCompile/jarAnalysis.bin)
2025-11-23T22:46:33.010+0530 [DEBUG] [org.gradle.cache.internal.btree.BTreePersistentIndexedCache] Closing cache classAnalysis.bin (/Users/asif/vitality-code-base/vg_workspace/liferay-realworld-solutions-asif/.gradle/caches/8.5/javaCompile/classAnalysis.bin)
2025-11-23T22:46:33.016+0530 [DEBUG] [org.gradle.cache.internal.DefaultFileLockManager] Releasing lock on Java compile cache (/Users/asif/vitality-code-base/vg_workspace/liferay-realworld-solutions-asif/.gradle/caches/8.5/javaCompile).
Daemon vm is shutting down... The daemon has exited normally or was terminated in response to a user interrupt.
2025-11-23T22:46:33.017+0530 [DEBUG] [org.gradle.launcher.daemon.registry.PersistentDaemonRegistry] Removing daemon address: [d1246bf6-4d49-4826-b08f-b61c4c09f0f3 port:62929, addresses:[localhost/127.0.0.1]]
2025-11-23T22:46:33.017+0530 [DEBUG] [org.gradle.cache.internal.DefaultFileLockManager] Waiting to acquire exclusive lock on daemon addresses registry.
2025-11-23T22:46:33.017+0530 [DEBUG] [org.gradle.cache.internal.DefaultFileLockManager] Lock acquired on daemon addresses registry.
2025-11-23T22:46:33.017+0530 [DEBUG] [org.gradle.cache.internal.DefaultFileLockManager] Releasing lock on daemon addresses registry.
